Arguments: 
  /usr/local/Cellar/node/19.4.0/bin/node /usr/local/Cellar/yarn/1.22.19/libexec/bin/yarn.js watch

PATH: 
  /usr/local/bin:/usr/bin:/bin:/usr/sbin:/sbin:/usr/local/go/bin:/Library/Frameworks/Mono.framework/Versions/Current/Commands:/Users/paco/.sdkman/candidates/java/current/bin:/Users/paco/Library/Application Support/Coursier/bin:/Users/paco/Library/Application Support/Coursier/bin

Yarn version: 
  1.22.19

Node version: 
  19.4.0

Platform: 
  darwin x64

Trace: 
  SyntaxError: /Users/paco/projects/foob/www/package.json: Expected double-quoted property name in JSON at position 422
      at JSON.parse (<anonymous>)
      at /usr/local/Cellar/yarn/1.22.19/libexec/lib/cli.js:1629:59
      at Generator.next (<anonymous>)
      at step (/usr/local/Cellar/yarn/1.22.19/libexec/lib/cli.js:310:30)
      at /usr/local/Cellar/yarn/1.22.19/libexec/lib/cli.js:321:13

npm manifest: 
  {
    "devDependencies": {
      "@types/jest": "^29.5.1",
      "gts": "^3.1.1",
      "jest": "^29.5.0",
      "ts-jest": "^29.1.0",
      "typescript": "~4.7.0",
      "@types/node": "^14.11.2"
    },
    "scripts": {
      "lint": "gts lint",
      "clean": "gts clean",
      "compile": "tsc",
      "watch": "tsc -w",
      "fix": "gts fix",
      "prepare": "npm run compile",
      "pretest": "npm run compile",
      "posttest": "npm run lint",
    }
  }

yarn manifest: 
  No manifest

Lockfile: 
  No lockfile
